<?xml version="1.0" encoding="UTF-8"?>
<testng-results ignored="0" total="1" passed="1" failed="0" skipped="0">
  <reporter-output>
  </reporter-output>
  <suite started-at="2023-09-01T11:46:31 IST" name="SeparateTestSuites" finished-at="2023-09-01T11:47:15 IST" duration-ms="44275">
    <groups>
    </groups>
    <test started-at="2023-09-01T11:46:31 IST" name="PositiveLogInTests" finished-at="2023-09-01T11:47:15 IST" duration-ms="44275">
      <class name="com.herokuapp.theinternet.loginpagetests.PositiveLogInTests">
        <test-method is-config="true" signature="setUp(java.lang.reflect.Method,java.lang.String,org.testng.ITestContext)[pri:0, instance:com.herokuapp.theinternet.loginpagetests.PositiveLogInTests@55182842]" started-at="2023-09-01T11:46:31 IST" name="setUp" finished-at="2023-09-01T11:47:05 IST" duration-ms="34475" status="PASS">
          <params>
            <param index="0">
              <value>
                <![CDATA[public void com.herokuapp.theinternet.loginpagetests.PositiveLogInTests.loginTest()]]>
              </value>
            </param>
            <param index="1">
              <value>
                <![CDATA[chrome]]>
              </value>
            </param>
            <param index="2">
              <value>
                <![CDATA[org.testng.TestRunner@1c26273d]]>
              </value>
            </param>
          </params>
          <reporter-output>
          </reporter-output>
        </test-method> <!-- setUp -->
        <test-method signature="loginTest()[pri:0, instance:com.herokuapp.theinternet.loginpagetests.PositiveLogInTests@55182842]" started-at="2023-09-01T11:47:05 IST" name="loginTest" finished-at="2023-09-01T11:47:14 IST" duration-ms="8710" status="PASS">
          <reporter-output>
          </reporter-output>
        </test-method> <!-- loginTest -->
        <test-method is-config="true" signature="tearDown()[pri:0, instance:com.herokuapp.theinternet.loginpagetests.PositiveLogInTests@55182842]" started-at="2023-09-01T11:47:14 IST" name="tearDown" finished-at="2023-09-01T11:47:15 IST" duration-ms="952" status="PASS">
          <reporter-output>
          </reporter-output>
        </test-method> <!-- tearDown -->
      </class> <!-- com.herokuapp.theinternet.loginpagetests.PositiveLogInTests -->
    </test> <!-- PositiveLogInTests -->
  </suite> <!-- SeparateTestSuites -->
</testng-results>
